[0.006s] Invoking command in '/home/rosdev/ros2_ws/build/sheep_bot': CMAKE_PREFIX_PATH=${CMAKE_PREFIX_PATH}:/opt/ros/humble /usr/bin/cmake --build /home/rosdev/ros2_ws/build/sheep_bot -- -j20 -l20
[0.026s] Invoked command in '/home/rosdev/ros2_ws/build/sheep_bot' returned '0': CMAKE_PREFIX_PATH=${CMAKE_PREFIX_PATH}:/opt/ros/humble /usr/bin/cmake --build /home/rosdev/ros2_ws/build/sheep_bot -- -j20 -l20
[0.042s] Invoking command in '/home/rosdev/ros2_ws/build/sheep_bot': CMAKE_PREFIX_PATH=${CMAKE_PREFIX_PATH}:/opt/ros/humble /usr/bin/cmake --install /home/rosdev/ros2_ws/build/sheep_bot
[0.045s] -- Install configuration: ""
[0.045s] -- Up-to-date: /home/rosdev/ros2_ws/install/sheep_bot/share/sheep_bot/config
[0.045s] -- Up-to-date: /home/rosdev/ros2_ws/install/sheep_bot/share/sheep_bot/config/view_bot.rviz
[0.045s] -- Up-to-date: /home/rosdev/ros2_ws/install/sheep_bot/share/sheep_bot/config/joystick.yaml
[0.046s] -- Up-to-date: /home/rosdev/ros2_ws/install/sheep_bot/share/sheep_bot/config/main.rviz
[0.046s] -- Up-to-date: /home/rosdev/ros2_ws/install/sheep_bot/share/sheep_bot/config/gazebo_params.yaml
[0.046s] -- Up-to-date: /home/rosdev/ros2_ws/install/sheep_bot/share/sheep_bot/config/map.rviz
[0.046s] -- Up-to-date: /home/rosdev/ros2_ws/install/sheep_bot/share/sheep_bot/config/empty.yaml
[0.046s] -- Up-to-date: /home/rosdev/ros2_ws/install/sheep_bot/share/sheep_bot/config/twist_mux.yaml
[0.046s] -- Up-to-date: /home/rosdev/ros2_ws/install/sheep_bot/share/sheep_bot/config/drive_bot.rviz
[0.046s] -- Up-to-date: /home/rosdev/ros2_ws/install/sheep_bot/share/sheep_bot/config/gaz_ros2_ctl_use_sim.yaml
[0.046s] -- Up-to-date: /home/rosdev/ros2_ws/install/sheep_bot/share/sheep_bot/config/mapper_params_online_async.yaml
[0.046s] -- Up-to-date: /home/rosdev/ros2_ws/install/sheep_bot/share/sheep_bot/config/my_controllers.yaml
[0.046s] -- Up-to-date: /home/rosdev/ros2_ws/install/sheep_bot/share/sheep_bot/config/nav2_params.yaml
[0.046s] -- Up-to-date: /home/rosdev/ros2_ws/install/sheep_bot/share/sheep_bot/config/ball_tracker_params_robot.yaml
[0.046s] -- Up-to-date: /home/rosdev/ros2_ws/install/sheep_bot/share/sheep_bot/config/ball_tracker_params_sim.yaml
[0.046s] -- Up-to-date: /home/rosdev/ros2_ws/install/sheep_bot/share/sheep_bot/description
[0.046s] -- Up-to-date: /home/rosdev/ros2_ws/install/sheep_bot/share/sheep_bot/description/lidar.xacro
[0.046s] -- Up-to-date: /home/rosdev/ros2_ws/install/sheep_bot/share/sheep_bot/description/camera.xacro
[0.046s] -- Up-to-date: /home/rosdev/ros2_ws/install/sheep_bot/share/sheep_bot/description/gazebo_control.xacro
[0.046s] -- Up-to-date: /home/rosdev/ros2_ws/install/sheep_bot/share/sheep_bot/description/ros2_control.xacro
[0.046s] -- Up-to-date: /home/rosdev/ros2_ws/install/sheep_bot/share/sheep_bot/description/inertial_macros.xacro
[0.046s] -- Up-to-date: /home/rosdev/ros2_ws/install/sheep_bot/share/sheep_bot/description/robot_core.xacro
[0.046s] -- Up-to-date: /home/rosdev/ros2_ws/install/sheep_bot/share/sheep_bot/description/face.xacro
[0.046s] -- Up-to-date: /home/rosdev/ros2_ws/install/sheep_bot/share/sheep_bot/description/depth_camera.xacro
[0.046s] -- Up-to-date: /home/rosdev/ros2_ws/install/sheep_bot/share/sheep_bot/description/robot.urdf.xacro
[0.046s] -- Up-to-date: /home/rosdev/ros2_ws/install/sheep_bot/share/sheep_bot/launch
[0.046s] -- Up-to-date: /home/rosdev/ros2_ws/install/sheep_bot/share/sheep_bot/launch/localization_launch.py
[0.046s] -- Up-to-date: /home/rosdev/ros2_ws/install/sheep_bot/share/sheep_bot/launch/launch_sim.launch.py
[0.046s] -- Up-to-date: /home/rosdev/ros2_ws/install/sheep_bot/share/sheep_bot/launch/rsp.launch.py
[0.046s] -- Up-to-date: /home/rosdev/ros2_ws/install/sheep_bot/share/sheep_bot/launch/camera.launch.py
[0.047s] -- Up-to-date: /home/rosdev/ros2_ws/install/sheep_bot/share/sheep_bot/launch/online_async_launch.py
[0.047s] -- Up-to-date: /home/rosdev/ros2_ws/install/sheep_bot/share/sheep_bot/launch/launch_robot.launch.py
[0.047s] -- Up-to-date: /home/rosdev/ros2_ws/install/sheep_bot/share/sheep_bot/launch/ball_tracker.launch.py
[0.047s] -- Up-to-date: /home/rosdev/ros2_ws/install/sheep_bot/share/sheep_bot/launch/joystick.launch.py
[0.047s] -- Up-to-date: /home/rosdev/ros2_ws/install/sheep_bot/share/sheep_bot/launch/navigation_launch.py
[0.047s] -- Up-to-date: /home/rosdev/ros2_ws/install/sheep_bot/share/sheep_bot/launch/rplidar.launch.py
[0.047s] -- Up-to-date: /home/rosdev/ros2_ws/install/sheep_bot/share/sheep_bot/worlds
[0.047s] -- Up-to-date: /home/rosdev/ros2_ws/install/sheep_bot/share/sheep_bot/worlds/empty.world
[0.047s] -- Up-to-date: /home/rosdev/ros2_ws/install/sheep_bot/share/sheep_bot/worlds/obstacles.world
[0.047s] -- Up-to-date: /home/rosdev/ros2_ws/install/sheep_bot/share/ament_index/resource_index/package_run_dependencies/sheep_bot
[0.047s] -- Up-to-date: /home/rosdev/ros2_ws/install/sheep_bot/share/ament_index/resource_index/parent_prefix_path/sheep_bot
[0.047s] -- Up-to-date: /home/rosdev/ros2_ws/install/sheep_bot/share/sheep_bot/environment/ament_prefix_path.sh
[0.047s] -- Up-to-date: /home/rosdev/ros2_ws/install/sheep_bot/share/sheep_bot/environment/ament_prefix_path.dsv
[0.047s] -- Up-to-date: /home/rosdev/ros2_ws/install/sheep_bot/share/sheep_bot/environment/path.sh
[0.047s] -- Up-to-date: /home/rosdev/ros2_ws/install/sheep_bot/share/sheep_bot/environment/path.dsv
[0.047s] -- Up-to-date: /home/rosdev/ros2_ws/install/sheep_bot/share/sheep_bot/local_setup.bash
[0.047s] -- Up-to-date: /home/rosdev/ros2_ws/install/sheep_bot/share/sheep_bot/local_setup.sh
[0.048s] -- Up-to-date: /home/rosdev/ros2_ws/install/sheep_bot/share/sheep_bot/local_setup.zsh
[0.048s] -- Up-to-date: /home/rosdev/ros2_ws/install/sheep_bot/share/sheep_bot/local_setup.dsv
[0.048s] -- Up-to-date: /home/rosdev/ros2_ws/install/sheep_bot/share/sheep_bot/package.dsv
[0.048s] -- Up-to-date: /home/rosdev/ros2_ws/install/sheep_bot/share/ament_index/resource_index/packages/sheep_bot
[0.048s] -- Up-to-date: /home/rosdev/ros2_ws/install/sheep_bot/share/sheep_bot/cmake/sheep_botConfig.cmake
[0.048s] -- Up-to-date: /home/rosdev/ros2_ws/install/sheep_bot/share/sheep_bot/cmake/sheep_botConfig-version.cmake
[0.048s] -- Up-to-date: /home/rosdev/ros2_ws/install/sheep_bot/share/sheep_bot/package.xml
[0.048s] Invoked command in '/home/rosdev/ros2_ws/build/sheep_bot' returned '0': CMAKE_PREFIX_PATH=${CMAKE_PREFIX_PATH}:/opt/ros/humble /usr/bin/cmake --install /home/rosdev/ros2_ws/build/sheep_bot
