-- Install configuration: ""
-- Up-to-date: /home/rosdev/ros2_ws/install/sheep_bot/share/sheep_bot/config
-- Up-to-date: /home/rosdev/ros2_ws/install/sheep_bot/share/sheep_bot/config/view_bot.rviz
-- Up-to-date: /home/rosdev/ros2_ws/install/sheep_bot/share/sheep_bot/config/joystick.yaml
-- Up-to-date: /home/rosdev/ros2_ws/install/sheep_bot/share/sheep_bot/config/main.rviz
-- Up-to-date: /home/rosdev/ros2_ws/install/sheep_bot/share/sheep_bot/config/gazebo_params.yaml
-- Up-to-date: /home/rosdev/ros2_ws/install/sheep_bot/share/sheep_bot/config/map.rviz
-- Up-to-date: /home/rosdev/ros2_ws/install/sheep_bot/share/sheep_bot/config/empty.yaml
-- Up-to-date: /home/rosdev/ros2_ws/install/sheep_bot/share/sheep_bot/config/twist_mux.yaml
-- Up-to-date: /home/rosdev/ros2_ws/install/sheep_bot/share/sheep_bot/config/drive_bot.rviz
-- Up-to-date: /home/rosdev/ros2_ws/install/sheep_bot/share/sheep_bot/config/gaz_ros2_ctl_use_sim.yaml
-- Up-to-date: /home/rosdev/ros2_ws/install/sheep_bot/share/sheep_bot/config/mapper_params_online_async.yaml
-- Up-to-date: /home/rosdev/ros2_ws/install/sheep_bot/share/sheep_bot/config/my_controllers.yaml
-- Up-to-date: /home/rosdev/ros2_ws/install/sheep_bot/share/sheep_bot/config/nav2_params.yaml
-- Up-to-date: /home/rosdev/ros2_ws/install/sheep_bot/share/sheep_bot/config/ball_tracker_params_robot.yaml
-- Up-to-date: /home/rosdev/ros2_ws/install/sheep_bot/share/sheep_bot/config/ball_tracker_params_sim.yaml
-- Up-to-date: /home/rosdev/ros2_ws/install/sheep_bot/share/sheep_bot/description
-- Up-to-date: /home/rosdev/ros2_ws/install/sheep_bot/share/sheep_bot/description/lidar.xacro
-- Up-to-date: /home/rosdev/ros2_ws/install/sheep_bot/share/sheep_bot/description/camera.xacro
-- Up-to-date: /home/rosdev/ros2_ws/install/sheep_bot/share/sheep_bot/description/gazebo_control.xacro
-- Up-to-date: /home/rosdev/ros2_ws/install/sheep_bot/share/sheep_bot/description/ros2_control.xacro
-- Up-to-date: /home/rosdev/ros2_ws/install/sheep_bot/share/sheep_bot/description/inertial_macros.xacro
-- Up-to-date: /home/rosdev/ros2_ws/install/sheep_bot/share/sheep_bot/description/robot_core.xacro
-- Up-to-date: /home/rosdev/ros2_ws/install/sheep_bot/share/sheep_bot/description/face.xacro
-- Up-to-date: /home/rosdev/ros2_ws/install/sheep_bot/share/sheep_bot/description/depth_camera.xacro
-- Up-to-date: /home/rosdev/ros2_ws/install/sheep_bot/share/sheep_bot/description/robot.urdf.xacro
-- Up-to-date: /home/rosdev/ros2_ws/install/sheep_bot/share/sheep_bot/launch
-- Up-to-date: /home/rosdev/ros2_ws/install/sheep_bot/share/sheep_bot/launch/localization_launch.py
-- Up-to-date: /home/rosdev/ros2_ws/install/sheep_bot/share/sheep_bot/launch/launch_sim.launch.py
-- Up-to-date: /home/rosdev/ros2_ws/install/sheep_bot/share/sheep_bot/launch/rsp.launch.py
-- Up-to-date: /home/rosdev/ros2_ws/install/sheep_bot/share/sheep_bot/launch/camera.launch.py
-- Up-to-date: /home/rosdev/ros2_ws/install/sheep_bot/share/sheep_bot/launch/online_async_launch.py
-- Up-to-date: /home/rosdev/ros2_ws/install/sheep_bot/share/sheep_bot/launch/launch_robot.launch.py
-- Up-to-date: /home/rosdev/ros2_ws/install/sheep_bot/share/sheep_bot/launch/ball_tracker.launch.py
-- Installing: /home/rosdev/ros2_ws/install/sheep_bot/share/sheep_bot/launch/joystick.launch.py
-- Up-to-date: /home/rosdev/ros2_ws/install/sheep_bot/share/sheep_bot/launch/navigation_launch.py
-- Up-to-date: /home/rosdev/ros2_ws/install/sheep_bot/share/sheep_bot/launch/rplidar.launch.py
-- Up-to-date: /home/rosdev/ros2_ws/install/sheep_bot/share/sheep_bot/worlds
-- Up-to-date: /home/rosdev/ros2_ws/install/sheep_bot/share/sheep_bot/worlds/empty.world
-- Up-to-date: /home/rosdev/ros2_ws/install/sheep_bot/share/sheep_bot/worlds/obstacles.world
-- Up-to-date: /home/rosdev/ros2_ws/install/sheep_bot/share/ament_index/resource_index/package_run_dependencies/sheep_bot
-- Up-to-date: /home/rosdev/ros2_ws/install/sheep_bot/share/ament_index/resource_index/parent_prefix_path/sheep_bot
-- Up-to-date: /home/rosdev/ros2_ws/install/sheep_bot/share/sheep_bot/environment/ament_prefix_path.sh
-- Up-to-date: /home/rosdev/ros2_ws/install/sheep_bot/share/sheep_bot/environment/ament_prefix_path.dsv
-- Up-to-date: /home/rosdev/ros2_ws/install/sheep_bot/share/sheep_bot/environment/path.sh
-- Up-to-date: /home/rosdev/ros2_ws/install/sheep_bot/share/sheep_bot/environment/path.dsv
-- Up-to-date: /home/rosdev/ros2_ws/install/sheep_bot/share/sheep_bot/local_setup.bash
-- Up-to-date: /home/rosdev/ros2_ws/install/sheep_bot/share/sheep_bot/local_setup.sh
-- Up-to-date: /home/rosdev/ros2_ws/install/sheep_bot/share/sheep_bot/local_setup.zsh
-- Up-to-date: /home/rosdev/ros2_ws/install/sheep_bot/share/sheep_bot/local_setup.dsv
-- Installing: /home/rosdev/ros2_ws/install/sheep_bot/share/sheep_bot/package.dsv
-- Up-to-date: /home/rosdev/ros2_ws/install/sheep_bot/share/ament_index/resource_index/packages/sheep_bot
-- Up-to-date: /home/rosdev/ros2_ws/install/sheep_bot/share/sheep_bot/cmake/sheep_botConfig.cmake
-- Up-to-date: /home/rosdev/ros2_ws/install/sheep_bot/share/sheep_bot/cmake/sheep_botConfig-version.cmake
-- Up-to-date: /home/rosdev/ros2_ws/install/sheep_bot/share/sheep_bot/package.xml
