-- The C compiler identification is GNU 11.4.0
-- The CXX compiler identification is GNU 11.4.0
-- Detecting C compiler ABI info
-- Detecting C compiler ABI info - done
-- Check for working C compiler: /usr/bin/cc - skipped
-- Detecting C compile features
-- Detecting C compile features - done
-- Detecting CXX compiler ABI info
-- Detecting CXX compiler ABI info - done
-- Check for working CXX compiler: /usr/bin/c++ - skipped
-- Detecting CXX compile features
-- Detecting CXX compile features - done
-- Found ament_cmake: 1.3.9 (/opt/ros/humble/share/ament_cmake/cmake)
-- Found Python3: /usr/bin/python3 (found version "3.10.12") found components: Interpreter 
-- Found ament_lint_auto: 0.12.11 (/opt/ros/humble/share/ament_lint_auto/cmake)
-- Added test 'copyright' to check source files copyright and LICENSE
-- Added test 'cppcheck' to perform static code analysis on C / C++ code
-- Configured cppcheck include dirs: 
-- Configured cppcheck exclude dirs and/or files: 
-- Added test 'cpplint' to check C / C++ code against the Google style
-- Configured cpplint exclude dirs and/or files: 
-- Added test 'flake8' to check Python code syntax and style conventions
-- Added test 'lint_cmake' to check CMake code style
-- Added test 'pep257' to check Python code against some of the docstring style conventions in PEP 257
-- Added test 'uncrustify' to check C / C++ code style
-- Configured uncrustify additional arguments: 
-- Added test 'xmllint' to check XML markup files
-- Configuring done
-- Generating done
-- Build files have been written to: /home/rosdev/ros2_ws/build/sheep_bot
-- Install configuration: ""
-- Installing: /home/rosdev/ros2_ws/install/sheep_bot/share/sheep_bot/config
-- Installing: /home/rosdev/ros2_ws/install/sheep_bot/share/sheep_bot/config/view_bot.rviz
-- Installing: /home/rosdev/ros2_ws/install/sheep_bot/share/sheep_bot/config/joystick.yaml
-- Installing: /home/rosdev/ros2_ws/install/sheep_bot/share/sheep_bot/config/main.rviz
-- Installing: /home/rosdev/ros2_ws/install/sheep_bot/share/sheep_bot/config/gazebo_params.yaml
-- Installing: /home/rosdev/ros2_ws/install/sheep_bot/share/sheep_bot/config/map.rviz
-- Installing: /home/rosdev/ros2_ws/install/sheep_bot/share/sheep_bot/config/empty.yaml
-- Installing: /home/rosdev/ros2_ws/install/sheep_bot/share/sheep_bot/config/twist_mux.yaml
-- Installing: /home/rosdev/ros2_ws/install/sheep_bot/share/sheep_bot/config/drive_bot.rviz
-- Installing: /home/rosdev/ros2_ws/install/sheep_bot/share/sheep_bot/config/gaz_ros2_ctl_use_sim.yaml
-- Installing: /home/rosdev/ros2_ws/install/sheep_bot/share/sheep_bot/config/mapper_params_online_async.yaml
-- Installing: /home/rosdev/ros2_ws/install/sheep_bot/share/sheep_bot/config/my_controllers.yaml
-- Installing: /home/rosdev/ros2_ws/install/sheep_bot/share/sheep_bot/config/nav2_params.yaml
-- Installing: /home/rosdev/ros2_ws/install/sheep_bot/share/sheep_bot/config/ball_tracker_params_robot.yaml
-- Installing: /home/rosdev/ros2_ws/install/sheep_bot/share/sheep_bot/config/ball_tracker_params_sim.yaml
-- Installing: /home/rosdev/ros2_ws/install/sheep_bot/share/sheep_bot/description
-- Installing: /home/rosdev/ros2_ws/install/sheep_bot/share/sheep_bot/description/lidar.xacro
-- Installing: /home/rosdev/ros2_ws/install/sheep_bot/share/sheep_bot/description/camera.xacro
-- Installing: /home/rosdev/ros2_ws/install/sheep_bot/share/sheep_bot/description/gazebo_control.xacro
-- Installing: /home/rosdev/ros2_ws/install/sheep_bot/share/sheep_bot/description/ros2_control.xacro
-- Installing: /home/rosdev/ros2_ws/install/sheep_bot/share/sheep_bot/description/inertial_macros.xacro
-- Installing: /home/rosdev/ros2_ws/install/sheep_bot/share/sheep_bot/description/robot_core.xacro
-- Installing: /home/rosdev/ros2_ws/install/sheep_bot/share/sheep_bot/description/face.xacro
-- Installing: /home/rosdev/ros2_ws/install/sheep_bot/share/sheep_bot/description/depth_camera.xacro
-- Installing: /home/rosdev/ros2_ws/install/sheep_bot/share/sheep_bot/description/robot.urdf.xacro
-- Installing: /home/rosdev/ros2_ws/install/sheep_bot/share/sheep_bot/launch
-- Installing: /home/rosdev/ros2_ws/install/sheep_bot/share/sheep_bot/launch/localization_launch.py
-- Installing: /home/rosdev/ros2_ws/install/sheep_bot/share/sheep_bot/launch/launch_sim.launch.py
-- Installing: /home/rosdev/ros2_ws/install/sheep_bot/share/sheep_bot/launch/rsp.launch.py
-- Installing: /home/rosdev/ros2_ws/install/sheep_bot/share/sheep_bot/launch/camera.launch.py
-- Installing: /home/rosdev/ros2_ws/install/sheep_bot/share/sheep_bot/launch/online_async_launch.py
-- Installing: /home/rosdev/ros2_ws/install/sheep_bot/share/sheep_bot/launch/launch_robot.launch.py
-- Installing: /home/rosdev/ros2_ws/install/sheep_bot/share/sheep_bot/launch/ball_tracker.launch.py
-- Installing: /home/rosdev/ros2_ws/install/sheep_bot/share/sheep_bot/launch/joystick.launch.py
-- Installing: /home/rosdev/ros2_ws/install/sheep_bot/share/sheep_bot/launch/navigation_launch.py
-- Installing: /home/rosdev/ros2_ws/install/sheep_bot/share/sheep_bot/launch/rplidar.launch.py
-- Installing: /home/rosdev/ros2_ws/install/sheep_bot/share/sheep_bot/worlds
-- Installing: /home/rosdev/ros2_ws/install/sheep_bot/share/sheep_bot/worlds/empty.world
-- Installing: /home/rosdev/ros2_ws/install/sheep_bot/share/sheep_bot/worlds/obstacles.world
-- Installing: /home/rosdev/ros2_ws/install/sheep_bot/share/ament_index/resource_index/package_run_dependencies/sheep_bot
-- Installing: /home/rosdev/ros2_ws/install/sheep_bot/share/ament_index/resource_index/parent_prefix_path/sheep_bot
-- Installing: /home/rosdev/ros2_ws/install/sheep_bot/share/sheep_bot/environment/ament_prefix_path.sh
-- Installing: /home/rosdev/ros2_ws/install/sheep_bot/share/sheep_bot/environment/ament_prefix_path.dsv
-- Installing: /home/rosdev/ros2_ws/install/sheep_bot/share/sheep_bot/environment/path.sh
-- Installing: /home/rosdev/ros2_ws/install/sheep_bot/share/sheep_bot/environment/path.dsv
-- Installing: /home/rosdev/ros2_ws/install/sheep_bot/share/sheep_bot/local_setup.bash
-- Installing: /home/rosdev/ros2_ws/install/sheep_bot/share/sheep_bot/local_setup.sh
-- Installing: /home/rosdev/ros2_ws/install/sheep_bot/share/sheep_bot/local_setup.zsh
-- Installing: /home/rosdev/ros2_ws/install/sheep_bot/share/sheep_bot/local_setup.dsv
-- Installing: /home/rosdev/ros2_ws/install/sheep_bot/share/sheep_bot/package.dsv
-- Installing: /home/rosdev/ros2_ws/install/sheep_bot/share/ament_index/resource_index/packages/sheep_bot
-- Installing: /home/rosdev/ros2_ws/install/sheep_bot/share/sheep_bot/cmake/sheep_botConfig.cmake
-- Installing: /home/rosdev/ros2_ws/install/sheep_bot/share/sheep_bot/cmake/sheep_botConfig-version.cmake
-- Installing: /home/rosdev/ros2_ws/install/sheep_bot/share/sheep_bot/package.xml
