[0.006s] Invoking command in '/home/rosdev/ros2_ws/build/sheep_bot': CMAKE_PREFIX_PATH=${CMAKE_PREFIX_PATH}:/opt/ros/humble /usr/bin/cmake /home/rosdev/ros2_ws -DCMAKE_INSTALL_PREFIX=/home/rosdev/ros2_ws/install/sheep_bot
[0.044s] -- The C compiler identification is GNU 11.4.0
[0.074s] -- The CXX compiler identification is GNU 11.4.0
[0.078s] -- Detecting C compiler ABI info
[0.113s] -- Detecting C compiler ABI info - done
[0.117s] -- Check for working C compiler: /usr/bin/cc - skipped
[0.118s] -- Detecting C compile features
[0.118s] -- Detecting C compile features - done
[0.120s] -- Detecting CXX compiler ABI info
[0.164s] -- Detecting CXX compiler ABI info - done
[0.169s] -- Check for working CXX compiler: /usr/bin/c++ - skipped
[0.169s] -- Detecting CXX compile features
[0.169s] -- Detecting CXX compile features - done
[0.171s] -- Found ament_cmake: 1.3.9 (/opt/ros/humble/share/ament_cmake/cmake)
[0.243s] -- Found Python3: /usr/bin/python3 (found version "3.10.12") found components: Interpreter 
[0.294s] -- Found ament_lint_auto: 0.12.11 (/opt/ros/humble/share/ament_lint_auto/cmake)
[0.341s] -- Added test 'copyright' to check source files copyright and LICENSE
[0.355s] -- Added test 'cppcheck' to perform static code analysis on C / C++ code
[0.355s] -- Configured cppcheck include dirs: 
[0.355s] -- Configured cppcheck exclude dirs and/or files: 
[0.360s] -- Added test 'cpplint' to check C / C++ code against the Google style
[0.360s] -- Configured cpplint exclude dirs and/or files: 
[0.360s] -- Added test 'flake8' to check Python code syntax and style conventions
[0.362s] -- Added test 'lint_cmake' to check CMake code style
[0.362s] -- Added test 'pep257' to check Python code against some of the docstring style conventions in PEP 257
[0.366s] -- Added test 'uncrustify' to check C / C++ code style
[0.366s] -- Configured uncrustify additional arguments: 
[0.367s] -- Added test 'xmllint' to check XML markup files
[0.368s] -- Configuring done
[0.369s] -- Generating done
[0.369s] -- Build files have been written to: /home/rosdev/ros2_ws/build/sheep_bot
[0.372s] Invoked command in '/home/rosdev/ros2_ws/build/sheep_bot' returned '0': CMAKE_PREFIX_PATH=${CMAKE_PREFIX_PATH}:/opt/ros/humble /usr/bin/cmake /home/rosdev/ros2_ws -DCMAKE_INSTALL_PREFIX=/home/rosdev/ros2_ws/install/sheep_bot
[0.373s] Invoking command in '/home/rosdev/ros2_ws/build/sheep_bot': CMAKE_PREFIX_PATH=${CMAKE_PREFIX_PATH}:/opt/ros/humble /usr/bin/cmake --build /home/rosdev/ros2_ws/build/sheep_bot -- -j20 -l20
[0.391s] Invoked command in '/home/rosdev/ros2_ws/build/sheep_bot' returned '0': CMAKE_PREFIX_PATH=${CMAKE_PREFIX_PATH}:/opt/ros/humble /usr/bin/cmake --build /home/rosdev/ros2_ws/build/sheep_bot -- -j20 -l20
[0.407s] Invoking command in '/home/rosdev/ros2_ws/build/sheep_bot': CMAKE_PREFIX_PATH=${CMAKE_PREFIX_PATH}:/opt/ros/humble /usr/bin/cmake --install /home/rosdev/ros2_ws/build/sheep_bot
[0.410s] -- Install configuration: ""
[0.411s] -- Installing: /home/rosdev/ros2_ws/install/sheep_bot/share/sheep_bot/config
[0.411s] -- Installing: /home/rosdev/ros2_ws/install/sheep_bot/share/sheep_bot/config/view_bot.rviz
[0.411s] -- Installing: /home/rosdev/ros2_ws/install/sheep_bot/share/sheep_bot/config/joystick.yaml
[0.411s] -- Installing: /home/rosdev/ros2_ws/install/sheep_bot/share/sheep_bot/config/main.rviz
[0.411s] -- Installing: /home/rosdev/ros2_ws/install/sheep_bot/share/sheep_bot/config/gazebo_params.yaml
[0.411s] -- Installing: /home/rosdev/ros2_ws/install/sheep_bot/share/sheep_bot/config/map.rviz
[0.411s] -- Installing: /home/rosdev/ros2_ws/install/sheep_bot/share/sheep_bot/config/empty.yaml
[0.411s] -- Installing: /home/rosdev/ros2_ws/install/sheep_bot/share/sheep_bot/config/twist_mux.yaml
[0.411s] -- Installing: /home/rosdev/ros2_ws/install/sheep_bot/share/sheep_bot/config/drive_bot.rviz
[0.411s] -- Installing: /home/rosdev/ros2_ws/install/sheep_bot/share/sheep_bot/config/gaz_ros2_ctl_use_sim.yaml
[0.411s] -- Installing: /home/rosdev/ros2_ws/install/sheep_bot/share/sheep_bot/config/mapper_params_online_async.yaml
[0.411s] -- Installing: /home/rosdev/ros2_ws/install/sheep_bot/share/sheep_bot/config/my_controllers.yaml
[0.412s] -- Installing: /home/rosdev/ros2_ws/install/sheep_bot/share/sheep_bot/config/nav2_params.yaml
[0.412s] -- Installing: /home/rosdev/ros2_ws/install/sheep_bot/share/sheep_bot/config/ball_tracker_params_robot.yaml
[0.412s] -- Installing: /home/rosdev/ros2_ws/install/sheep_bot/share/sheep_bot/config/ball_tracker_params_sim.yaml
[0.412s] -- Installing: /home/rosdev/ros2_ws/install/sheep_bot/share/sheep_bot/description
[0.412s] -- Installing: /home/rosdev/ros2_ws/install/sheep_bot/share/sheep_bot/description/lidar.xacro
[0.412s] -- Installing: /home/rosdev/ros2_ws/install/sheep_bot/share/sheep_bot/description/camera.xacro
[0.412s] -- Installing: /home/rosdev/ros2_ws/install/sheep_bot/share/sheep_bot/description/gazebo_control.xacro
[0.412s] -- Installing: /home/rosdev/ros2_ws/install/sheep_bot/share/sheep_bot/description/ros2_control.xacro
[0.412s] -- Installing: /home/rosdev/ros2_ws/install/sheep_bot/share/sheep_bot/description/inertial_macros.xacro
[0.412s] -- Installing: /home/rosdev/ros2_ws/install/sheep_bot/share/sheep_bot/description/robot_core.xacro
[0.412s] -- Installing: /home/rosdev/ros2_ws/install/sheep_bot/share/sheep_bot/description/face.xacro
[0.412s] -- Installing: /home/rosdev/ros2_ws/install/sheep_bot/share/sheep_bot/description/depth_camera.xacro
[0.412s] -- Installing: /home/rosdev/ros2_ws/install/sheep_bot/share/sheep_bot/description/robot.urdf.xacro
[0.413s] -- Installing: /home/rosdev/ros2_ws/install/sheep_bot/share/sheep_bot/launch
[0.413s] -- Installing: /home/rosdev/ros2_ws/install/sheep_bot/share/sheep_bot/launch/localization_launch.py
[0.413s] -- Installing: /home/rosdev/ros2_ws/install/sheep_bot/share/sheep_bot/launch/launch_sim.launch.py
[0.413s] -- Installing: /home/rosdev/ros2_ws/install/sheep_bot/share/sheep_bot/launch/rsp.launch.py
[0.413s] -- Installing: /home/rosdev/ros2_ws/install/sheep_bot/share/sheep_bot/launch/camera.launch.py
[0.413s] -- Installing: /home/rosdev/ros2_ws/install/sheep_bot/share/sheep_bot/launch/online_async_launch.py
[0.413s] -- Installing: /home/rosdev/ros2_ws/install/sheep_bot/share/sheep_bot/launch/launch_robot.launch.py
[0.413s] -- Installing: /home/rosdev/ros2_ws/install/sheep_bot/share/sheep_bot/launch/ball_tracker.launch.py
[0.413s] -- Installing: /home/rosdev/ros2_ws/install/sheep_bot/share/sheep_bot/launch/joystick.launch.py
[0.413s] -- Installing: /home/rosdev/ros2_ws/install/sheep_bot/share/sheep_bot/launch/navigation_launch.py
[0.413s] -- Installing: /home/rosdev/ros2_ws/install/sheep_bot/share/sheep_bot/launch/rplidar.launch.py
[0.413s] -- Installing: /home/rosdev/ros2_ws/install/sheep_bot/share/sheep_bot/worlds
[0.413s] -- Installing: /home/rosdev/ros2_ws/install/sheep_bot/share/sheep_bot/worlds/empty.world
[0.413s] -- Installing: /home/rosdev/ros2_ws/install/sheep_bot/share/sheep_bot/worlds/obstacles.world
[0.413s] -- Installing: /home/rosdev/ros2_ws/install/sheep_bot/share/ament_index/resource_index/package_run_dependencies/sheep_bot
[0.413s] -- Installing: /home/rosdev/ros2_ws/install/sheep_bot/share/ament_index/resource_index/parent_prefix_path/sheep_bot
[0.413s] -- Installing: /home/rosdev/ros2_ws/install/sheep_bot/share/sheep_bot/environment/ament_prefix_path.sh
[0.413s] -- Installing: /home/rosdev/ros2_ws/install/sheep_bot/share/sheep_bot/environment/ament_prefix_path.dsv
[0.414s] -- Installing: /home/rosdev/ros2_ws/install/sheep_bot/share/sheep_bot/environment/path.sh
[0.414s] -- Installing: /home/rosdev/ros2_ws/install/sheep_bot/share/sheep_bot/environment/path.dsv
[0.414s] -- Installing: /home/rosdev/ros2_ws/install/sheep_bot/share/sheep_bot/local_setup.bash
[0.414s] -- Installing: /home/rosdev/ros2_ws/install/sheep_bot/share/sheep_bot/local_setup.sh
[0.414s] -- Installing: /home/rosdev/ros2_ws/install/sheep_bot/share/sheep_bot/local_setup.zsh
[0.414s] -- Installing: /home/rosdev/ros2_ws/install/sheep_bot/share/sheep_bot/local_setup.dsv
[0.414s] -- Installing: /home/rosdev/ros2_ws/install/sheep_bot/share/sheep_bot/package.dsv
[0.414s] -- Installing: /home/rosdev/ros2_ws/install/sheep_bot/share/ament_index/resource_index/packages/sheep_bot
[0.414s] -- Installing: /home/rosdev/ros2_ws/install/sheep_bot/share/sheep_bot/cmake/sheep_botConfig.cmake
[0.414s] -- Installing: /home/rosdev/ros2_ws/install/sheep_bot/share/sheep_bot/cmake/sheep_botConfig-version.cmake
[0.414s] -- Installing: /home/rosdev/ros2_ws/install/sheep_bot/share/sheep_bot/package.xml
[0.414s] Invoked command in '/home/rosdev/ros2_ws/build/sheep_bot' returned '0': CMAKE_PREFIX_PATH=${CMAKE_PREFIX_PATH}:/opt/ros/humble /usr/bin/cmake --install /home/rosdev/ros2_ws/build/sheep_bot
