[0.161s] DEBUG:colcon:Command line arguments: ['/usr/bin/colcon', 'build']
[0.162s] DEBUG:colcon:Parsed command line arguments: Namespace(log_base=None, log_level=None, verb_name='build', build_base='build', install_base='install', merge_install=False, symlink_install=False, test_result_base=None, continue_on_error=False, executor='parallel', parallel_workers=20, event_handlers=None, ignore_user_meta=False, metas=['./colcon.meta'], base_paths=['.'], packages_ignore=None, packages_ignore_regex=None, paths=None, packages_up_to=None, packages_up_to_regex=None, packages_above=None, packages_above_and_dependencies=None, packages_above_depth=None, packages_select_by_dep=None, packages_skip_by_dep=None, packages_skip_up_to=None, packages_select_build_failed=False, packages_skip_build_finished=False, packages_select_test_failures=False, packages_skip_test_passed=False, packages_select=None, packages_skip=None, packages_select_regex=None, packages_skip_regex=None, packages_start=None, packages_end=None, allow_overriding=[], cmake_args=None, cmake_target=None, cmake_target_skip_unavailable=False, cmake_clean_cache=False, cmake_clean_first=False, cmake_force_configure=False, ament_cmake_args=None, catkin_cmake_args=None, catkin_skip_building_tests=False, mixin_files=None, mixin=None, verb_parser=<colcon_mixin.mixin.mixin_argument.MixinArgumentDecorator object at 0x78214d85eef0>, verb_extension=<colcon_core.verb.build.BuildVerb object at 0x78214d85e500>, main=<bound method BuildVerb.main of <colcon_core.verb.build.BuildVerb object at 0x78214d85e500>>, mixin_verb=('build',))
[0.316s] Level 1:colcon.colcon_core.package_discovery:discover_packages(colcon_meta) check parameters
[0.316s] Level 1:colcon.colcon_core.package_discovery:discover_packages(recursive) check parameters
[0.316s] Level 1:colcon.colcon_core.package_discovery:discover_packages(ignore) check parameters
[0.316s] Level 1:colcon.colcon_core.package_discovery:discover_packages(path) check parameters
[0.316s] Level 1:colcon.colcon_core.package_discovery:discover_packages(colcon_meta) discover
[0.316s] Level 1:colcon.colcon_core.package_discovery:discover_packages(recursive) discover
[0.316s] INFO:colcon.colcon_core.package_discovery:Crawling recursively for packages in '/home/gabriel/dev/repos/sheep_bot'
[0.316s] Level 1:colcon.colcon_core.package_identification:_identify(.) by extensions ['ignore', 'ignore_ament_install']
[0.316s] Level 1:colcon.colcon_core.package_identification:_identify(.) by extension 'ignore'
[0.316s] Level 1:colcon.colcon_core.package_identification:_identify(.) by extension 'ignore_ament_install'
[0.316s] Level 1:colcon.colcon_core.package_identification:_identify(.) by extensions ['colcon_pkg']
[0.316s] Level 1:colcon.colcon_core.package_identification:_identify(.) by extension 'colcon_pkg'
[0.316s] Level 1:colcon.colcon_core.package_identification:_identify(.) by extensions ['colcon_meta']
[0.316s] Level 1:colcon.colcon_core.package_identification:_identify(.) by extension 'colcon_meta'
[0.316s] Level 1:colcon.colcon_core.package_identification:_identify(.) by extensions ['ros']
[0.316s] Level 1:colcon.colcon_core.package_identification:_identify(.) by extension 'ros'
[0.331s] DEBUG:colcon.colcon_core.package_identification:Package '.' with type 'ros.ament_cmake' and name 'sheep_bot'
[0.331s] Level 1:colcon.colcon_core.package_discovery:discover_packages(recursive) using defaults
[0.331s] Level 1:colcon.colcon_core.package_discovery:discover_packages(ignore) discover
[0.331s] Level 1:colcon.colcon_core.package_discovery:discover_packages(ignore) using defaults
[0.331s] Level 1:colcon.colcon_core.package_discovery:discover_packages(path) discover
[0.331s] Level 1:colcon.colcon_core.package_discovery:discover_packages(path) using defaults
[0.348s] Level 1:colcon.colcon_core.package_discovery:discover_packages(prefix_path) check parameters
[0.349s] Level 1:colcon.colcon_core.package_discovery:discover_packages(prefix_path) discover
[0.351s] DEBUG:colcon.colcon_installed_package_information.package_discovery:Found 291 installed packages in /opt/ros/humble
[0.352s] Level 1:colcon.colcon_core.package_discovery:discover_packages(prefix_path) using defaults
[0.370s] Level 5:colcon.colcon_core.verb:set package 'sheep_bot' build argument 'cmake_args' from command line to 'None'
[0.370s] Level 5:colcon.colcon_core.verb:set package 'sheep_bot' build argument 'cmake_target' from command line to 'None'
[0.370s] Level 5:colcon.colcon_core.verb:set package 'sheep_bot' build argument 'cmake_target_skip_unavailable' from command line to 'False'
[0.370s] Level 5:colcon.colcon_core.verb:set package 'sheep_bot' build argument 'cmake_clean_cache' from command line to 'False'
[0.370s] Level 5:colcon.colcon_core.verb:set package 'sheep_bot' build argument 'cmake_clean_first' from command line to 'False'
[0.370s] Level 5:colcon.colcon_core.verb:set package 'sheep_bot' build argument 'cmake_force_configure' from command line to 'False'
[0.370s] Level 5:colcon.colcon_core.verb:set package 'sheep_bot' build argument 'ament_cmake_args' from command line to 'None'
[0.370s] Level 5:colcon.colcon_core.verb:set package 'sheep_bot' build argument 'catkin_cmake_args' from command line to 'None'
[0.370s] Level 5:colcon.colcon_core.verb:set package 'sheep_bot' build argument 'catkin_skip_building_tests' from command line to 'False'
[0.370s] DEBUG:colcon.colcon_core.verb:Building package 'sheep_bot' with the following arguments: {'ament_cmake_args': None, 'build_base': '/home/gabriel/dev/repos/sheep_bot/build/sheep_bot', 'catkin_cmake_args': None, 'catkin_skip_building_tests': False, 'cmake_args': None, 'cmake_clean_cache': False, 'cmake_clean_first': False, 'cmake_force_configure': False, 'cmake_target': None, 'cmake_target_skip_unavailable': False, 'install_base': '/home/gabriel/dev/repos/sheep_bot/install/sheep_bot', 'merge_install': False, 'path': '/home/gabriel/dev/repos/sheep_bot', 'symlink_install': False, 'test_result_base': None}
[0.371s] INFO:colcon.colcon_core.executor:Executing jobs using 'parallel' executor
[0.371s] DEBUG:colcon.colcon_parallel_executor.executor.parallel:run_until_complete
[0.371s] INFO:colcon.colcon_ros.task.ament_cmake.build:Building ROS package in '/home/gabriel/dev/repos/sheep_bot' with build type 'ament_cmake'
[0.371s] INFO:colcon.colcon_cmake.task.cmake.build:Building CMake package in '/home/gabriel/dev/repos/sheep_bot'
[0.374s] INFO:colcon.colcon_core.plugin_system:Skipping extension 'colcon_core.shell.bat': Not used on non-Windows systems
[0.374s] INFO:colcon.colcon_core.shell:Skip shell extension 'powershell' for command environment: Not usable outside of PowerShell
[0.374s] DEBUG:colcon.colcon_core.shell:Skip shell extension 'dsv' for command environment
[0.378s] DEBUG:colcon.colcon_core.event_handler.log_command:Invoking command in '/home/gabriel/dev/repos/sheep_bot/build/sheep_bot': CMAKE_PREFIX_PATH=/opt/ros/humble /usr/bin/cmake --build /home/gabriel/dev/repos/sheep_bot/build/sheep_bot -- -j20 -l20
[0.426s] DEBUG:colcon.colcon_core.event_handler.log_command:Invoked command in '/home/gabriel/dev/repos/sheep_bot/build/sheep_bot' returned '0': CMAKE_PREFIX_PATH=/opt/ros/humble /usr/bin/cmake --build /home/gabriel/dev/repos/sheep_bot/build/sheep_bot -- -j20 -l20
[0.441s] DEBUG:colcon.colcon_core.event_handler.log_command:Invoking command in '/home/gabriel/dev/repos/sheep_bot/build/sheep_bot': CMAKE_PREFIX_PATH=/opt/ros/humble /usr/bin/cmake --install /home/gabriel/dev/repos/sheep_bot/build/sheep_bot
[0.445s] DEBUG:colcon.colcon_core.event_handler.log_command:Invoked command in '/home/gabriel/dev/repos/sheep_bot/build/sheep_bot' returned '1': CMAKE_PREFIX_PATH=/opt/ros/humble /usr/bin/cmake --install /home/gabriel/dev/repos/sheep_bot/build/sheep_bot
[0.455s] Level 1:colcon.colcon_core.environment:create_environment_scripts_only(sheep_bot)
[0.458s] Level 1:colcon.colcon_core.environment:checking '/home/gabriel/dev/repos/sheep_bot/install/sheep_bot' for CMake module files
[0.459s] Level 1:colcon.colcon_core.environment:checking '/home/gabriel/dev/repos/sheep_bot/install/sheep_bot' for CMake config files
[0.459s] Level 1:colcon.colcon_core.shell:create_environment_hook('sheep_bot', 'cmake_prefix_path')
[0.459s] INFO:colcon.colcon_core.shell:Creating environment hook '/home/gabriel/dev/repos/sheep_bot/install/sheep_bot/share/sheep_bot/hook/cmake_prefix_path.ps1'
[0.460s] INFO:colcon.colcon_core.shell:Creating environment descriptor '/home/gabriel/dev/repos/sheep_bot/install/sheep_bot/share/sheep_bot/hook/cmake_prefix_path.dsv'
[0.460s] INFO:colcon.colcon_core.shell:Creating environment hook '/home/gabriel/dev/repos/sheep_bot/install/sheep_bot/share/sheep_bot/hook/cmake_prefix_path.sh'
[0.461s] Level 1:colcon.colcon_core.environment:checking '/home/gabriel/dev/repos/sheep_bot/install/sheep_bot/bin'
[0.461s] Level 1:colcon.colcon_core.environment:checking '/home/gabriel/dev/repos/sheep_bot/install/sheep_bot/lib/pkgconfig/sheep_bot.pc'
[0.461s] Level 1:colcon.colcon_core.environment:checking '/home/gabriel/dev/repos/sheep_bot/install/sheep_bot/lib/python3.10/site-packages'
[0.461s] Level 1:colcon.colcon_core.environment:checking '/home/gabriel/dev/repos/sheep_bot/install/sheep_bot/bin'
[0.462s] INFO:colcon.colcon_core.shell:Creating package script '/home/gabriel/dev/repos/sheep_bot/install/sheep_bot/share/sheep_bot/package.ps1'
[0.462s] INFO:colcon.colcon_core.shell:Creating package descriptor '/home/gabriel/dev/repos/sheep_bot/install/sheep_bot/share/sheep_bot/package.dsv'
[0.463s] INFO:colcon.colcon_core.shell:Creating package script '/home/gabriel/dev/repos/sheep_bot/install/sheep_bot/share/sheep_bot/package.sh'
[0.463s] INFO:colcon.colcon_core.shell:Creating package script '/home/gabriel/dev/repos/sheep_bot/install/sheep_bot/share/sheep_bot/package.bash'
[0.463s] INFO:colcon.colcon_core.shell:Creating package script '/home/gabriel/dev/repos/sheep_bot/install/sheep_bot/share/sheep_bot/package.zsh'
[0.464s] Level 1:colcon.colcon_core.environment:create_file_with_runtime_dependencies(/home/gabriel/dev/repos/sheep_bot/install/sheep_bot/share/colcon-core/packages/sheep_bot)
[0.474s] DEBUG:colcon.colcon_parallel_executor.executor.parallel:closing loop
[0.474s] DEBUG:colcon.colcon_parallel_executor.executor.parallel:loop closed
[0.474s] DEBUG:colcon.colcon_parallel_executor.executor.parallel:run_until_complete finished with '1'
[0.474s] DEBUG:colcon.colcon_core.event_reactor:joining thread
[0.478s] INFO:colcon.colcon_core.plugin_system:Skipping extension 'colcon_notification.desktop_notification.terminal_notifier': Not used on non-Darwin systems
[0.478s] INFO:colcon.colcon_core.plugin_system:Skipping extension 'colcon_notification.desktop_notification.win32': Not used on non-Windows systems
[0.478s] INFO:colcon.colcon_notification.desktop_notification:Sending desktop notification using 'notify2'
[0.493s] DEBUG:colcon.colcon_core.event_reactor:joined thread
[0.494s] INFO:colcon.colcon_core.shell:Creating prefix script '/home/gabriel/dev/repos/sheep_bot/install/local_setup.ps1'
[0.495s] INFO:colcon.colcon_core.shell:Creating prefix util module '/home/gabriel/dev/repos/sheep_bot/install/_local_setup_util_ps1.py'
[0.496s] INFO:colcon.colcon_core.shell:Creating prefix chain script '/home/gabriel/dev/repos/sheep_bot/install/setup.ps1'
[0.496s] INFO:colcon.colcon_core.shell:Creating prefix script '/home/gabriel/dev/repos/sheep_bot/install/local_setup.sh'
[0.496s] INFO:colcon.colcon_core.shell:Creating prefix util module '/home/gabriel/dev/repos/sheep_bot/install/_local_setup_util_sh.py'
[0.497s] INFO:colcon.colcon_core.shell:Creating prefix chain script '/home/gabriel/dev/repos/sheep_bot/install/setup.sh'
[0.497s] INFO:colcon.colcon_core.shell:Creating prefix script '/home/gabriel/dev/repos/sheep_bot/install/local_setup.bash'
[0.497s] INFO:colcon.colcon_core.shell:Creating prefix chain script '/home/gabriel/dev/repos/sheep_bot/install/setup.bash'
[0.498s] INFO:colcon.colcon_core.shell:Creating prefix script '/home/gabriel/dev/repos/sheep_bot/install/local_setup.zsh'
[0.498s] INFO:colcon.colcon_core.shell:Creating prefix chain script '/home/gabriel/dev/repos/sheep_bot/install/setup.zsh'
